<?xml version="1.0" encoding="UTF-8"?>
<!-- Generated by org.testng.reporters.JUnitReportReporter -->
<testsuite hostname="komals_PC" failures="0" tests="1" name="runner.RunTest" time="6.302" errors="0" timestamp="26 Aug 2024 09:31:41 GMT" skipped="0">
  <testcase classname="runner.RunTest" name="runScenario" time="6.302"/>
</testsuite> <!-- runner.RunTest -->
