<?xml version="1.0" encoding="UTF-8"?>
<!-- Generated by org.testng.reporters.JUnitReportReporter -->
<testsuite skipped="0" hostname="komals_PC" name="runner.RunTest" tests="1" failures="0" timestamp="28 Aug 2024 17:46:23 GMT" time="6.656" errors="0">
  <testcase name="runScenario" time="6.656" classname="runner.RunTest"/>
</testsuite> <!-- runner.RunTest -->
