<?xml version="1.0" encoding="UTF-8"?>
<!-- Generated by org.testng.reporters.JUnitReportReporter -->
<testsuite skipped="0" hostname="komals_PC" name="runner.RunTest" tests="1" failures="0" timestamp="27 Aug 2024 15:59:54 GMT" time="9.248" errors="0">
  <testcase name="runScenario" time="9.248" classname="runner.RunTest"/>
</testsuite> <!-- runner.RunTest -->
